<?xml version="1.0" encoding="UTF-8"?>
<testng-results skipped="0" failed="0" ignored="0" total="1" passed="1">
  <reporter-output>
  </reporter-output>
  <suite name="Suite" duration-ms="203958" started-at="2022-12-10T13:45:34 IST" finished-at="2022-12-10T13:48:58 IST">
    <groups>
    </groups>
    <test name="Test" duration-ms="203958" started-at="2022-12-10T13:45:34 IST" finished-at="2022-12-10T13:48:58 IST">
      <class name="excelFileExample.RegisterStudentExcelTest">
        <test-method status="PASS" signature="RegistrationDataDrivernTest()[pri:0, instance:excelFileExample.RegisterStudentExcelTest@2e3fc542]" name="RegistrationDataDrivernTest" duration-ms="203904" started-at="2022-12-10T13:45:35 IST" finished-at="2022-12-10T13:48:58 IST">
          <reporter-output>
          </reporter-output>
        </test-method> <!-- RegistrationDataDrivernTest -->
      </class> <!-- excelFileExample.RegisterStudentExcelTest -->
    </test> <!-- Test -->
  </suite> <!-- Suite -->
</testng-results>
